48.049848318099976
1.307948112487793
test_loss:0.03976655673152927 test_accuracy:0.9895
48.49887657165527
1.1759364604949951
test_loss:0.029668827200995566 test_accuracy:0.9914
48.57201910018921
1.1464347839355469
test_loss:0.040236215888337756 test_accuracy:0.9897
49.36285471916199
0.9852962493896484
test_loss:0.038429712888121685 test_accuracy:0.9897
48.24137353897095
0.89005446434021
test_loss:0.029558873410853403 test_accuracy:0.9919
49.87131977081299
1.2337193489074707
test_loss:0.036512217803412704 test_accuracy:0.9904
49.851826429367065
1.037184715270996
test_loss:0.027557831608514834 test_accuracy:0.9929
48.69185471534729
0.8074545860290527
test_loss:0.041532044904443094 test_accuracy:0.9912
48.67875623703003
1.0242893695831299
test_loss:0.02577147673704767 test_accuracy:0.9936
48.89207100868225
0.7950606346130371
test_loss:0.026530990557330096 test_accuracy:0.9922
