37.845131158828735
0.7407503128051758
test_loss:0.0402905405048692 test_accuracy:0.9891
39.27440667152405
0.915154218673706
test_loss:0.03690838609046041 test_accuracy:0.9881
40.20962476730347
0.9091672897338867
test_loss:0.03851019289921023 test_accuracy:0.9879
39.03006076812744
0.9745876789093018
test_loss:0.03470226089483622 test_accuracy:0.9897
39.01778054237366
0.8926589488983154
test_loss:0.03226298105685509 test_accuracy:0.9907
39.876171588897705
1.032449722290039
test_loss:0.03176249142113666 test_accuracy:0.9908
38.60811400413513
0.963634729385376
test_loss:0.031281619900038186 test_accuracy:0.9912
38.53476858139038
0.8756000995635986
test_loss:0.04289345593725011 test_accuracy:0.9878
39.77926707267761
0.7582206726074219
test_loss:0.03856933925252087 test_accuracy:0.9899
40.37928485870361
0.759915828704834
test_loss:0.039919104943540513 test_accuracy:0.9885
