48.481518507003784
1.0581285953521729
test_loss:0.030561620463407418 test_accuracy:0.9909
48.603623390197754
1.0410845279693604
test_loss:0.028000209995357274 test_accuracy:0.9933
48.418296575546265
1.1217117309570312
test_loss:0.0381314618552904 test_accuracy:0.988
49.98039412498474
1.0230741500854492
test_loss:0.03294721350060988 test_accuracy:0.9922
49.177119731903076
1.0370652675628662
test_loss:0.037227342570622365 test_accuracy:0.9903
50.114153146743774
1.0720653533935547
test_loss:0.031588104164830655 test_accuracy:0.9931
48.597227811813354
0.93550705909729
test_loss:0.031101451321511375 test_accuracy:0.9926
47.548070192337036
1.1304316520690918
test_loss:0.028851351763581168 test_accuracy:0.9915
49.231281042099
1.1858513355255127
test_loss:0.03405438256757921 test_accuracy:0.9909
48.67543411254883
1.0723347663879395
test_loss:0.02649469400595226 test_accuracy:0.9919
