40.31672549247742
0.9242377281188965
test_loss:0.04862325724588882 test_accuracy:0.986
38.98851990699768
0.7606289386749268
test_loss:0.028149176032998 test_accuracy:0.9918
39.546058893203735
0.8175952434539795
test_loss:0.03947402693787626 test_accuracy:0.9876
39.73281168937683
0.8168234825134277
test_loss:0.03324812039780954 test_accuracy:0.9897
41.048218965530396
0.8749978542327881
test_loss:0.029041043587516833 test_accuracy:0.9914
38.04578113555908
0.9087138175964355
test_loss:0.03889246134711502 test_accuracy:0.9892
38.486004114151
0.8967843055725098
test_loss:0.03808609863013771 test_accuracy:0.9889
40.028512954711914
0.8388710021972656
test_loss:0.036415380480978636 test_accuracy:0.9895
39.70526170730591
1.0313832759857178
test_loss:0.03645877263785005 test_accuracy:0.9889
40.959988594055176
1.0753073692321777
test_loss:0.032529457839457245 test_accuracy:0.9903
