47.53634452819824
1.0795743465423584
test_loss:0.031762692553938904 test_accuracy:0.9906
37.966344594955444
0.8875899314880371
test_loss:0.0346935139735695 test_accuracy:0.9899
40.09853768348694
0.8048121929168701
test_loss:0.032705090409778856 test_accuracy:0.9904
36.675546407699585
0.8149375915527344
test_loss:0.03190591735164089 test_accuracy:0.99
39.93712091445923
0.9016017913818359
test_loss:0.030399201775554868 test_accuracy:0.9901
39.13509202003479
1.1544179916381836
test_loss:0.03127021591030498 test_accuracy:0.9911
38.66949129104614
0.8723311424255371
test_loss:0.033165483546172984 test_accuracy:0.9901
39.5875129699707
0.9019203186035156
test_loss:0.031183991281684212 test_accuracy:0.9914
37.35548162460327
0.9025437831878662
test_loss:0.029996504561608163 test_accuracy:0.9907
38.5740008354187
0.940802812576294
test_loss:0.027555883827290198 test_accuracy:0.9915
