48.085437059402466
0.8619039058685303
test_loss:0.029322817831380417 test_accuracy:0.9922
48.146252155303955
0.9656825065612793
test_loss:0.04171541199825624 test_accuracy:0.9896
47.517051219940186
1.1500258445739746
test_loss:0.034790245060641836 test_accuracy:0.9915
48.06976008415222
1.088926076889038
test_loss:0.03157093553455547 test_accuracy:0.9909
47.338695764541626
0.9232511520385742
test_loss:0.02810872044749117 test_accuracy:0.9926
46.935102224349976
1.054149866104126
test_loss:0.027744423251488116 test_accuracy:0.9926
48.00307774543762
1.00811767578125
test_loss:0.031123288596729706 test_accuracy:0.992
48.57662582397461
1.0961966514587402
test_loss:0.03213575773132634 test_accuracy:0.9921
48.750812292099
1.0673408508300781
test_loss:0.028133634087828978 test_accuracy:0.9924
48.47200918197632
1.0038447380065918
test_loss:0.030037539293057035 test_accuracy:0.992
